<?xml version="1.0" encoding="UTF-8"?>
<testsuite name="com.companyname.projectname.testrunners.TestRunner" time="20.552" tests="19" errors="0" skipped="0" failures="2">
  <properties>
    <property name="idea.version" value="2020.2.2"/>
    <property name="java.runtime.name" value="OpenJDK Runtime Environment"/>
    <property name="java.vm.version" value="14.0.2+12-46"/>
    <property name="sun.boot.library.path" value="C:\Users\somesh\.jdks\openjdk-14.0.2\bin"/>
    <property name="maven.multiModuleProjectDirectory" value="C:\Users\somesh\Pictures\RestAssuredCucumber-master-main (1)\RestAssuredCucumber-master-main"/>
    <property name="java.vm.vendor" value="Oracle Corporation"/>
    <property name="java.vendor.url" value="https://java.oracle.com/"/>
    <property name="guice.disable.misplaced.annotation.check" value="true"/>
    <property name="path.separator" value=";"/>
    <property name="java.vm.name" value="OpenJDK 64-Bit Server VM"/>
    <property name="sun.os.patch.level" value=""/>
    <property name="user.script" value=""/>
    <property name="user.country" value="US"/>
    <property name="sun.java.launcher" value="SUN_STANDARD"/>
    <property name="java.vm.specification.name" value="Java Virtual Machine Specification"/>
    <property name="user.dir" value="C:\Users\somesh\Pictures\RestAssuredCucumber-master-main (1)\RestAssuredCucumber-master-main"/>
    <property name="java.vm.compressedOopsMode" value="32-bit"/>
    <property name="java.runtime.version" value="14.0.2+12-46"/>
    <property name="os.arch" value="amd64"/>
    <property name="java.io.tmpdir" value="C:\Users\somesh\AppData\Local\Temp\"/>
    <property name="line.separator" value="&#10;"/>
    <property name="java.vm.specification.vendor" value="Oracle Corporation"/>
    <property name="user.variant" value=""/>
    <property name="os.name" value="Windows 10"/>
    <property name="maven.ext.class.path" value="C:\Program Files\JetBrains\IntelliJ IDEA Community Edition 2020.1.3\plugins\maven\lib\maven-event-listener.jar"/>
    <property name="classworlds.conf" value="C:\Program Files\JetBrains\IntelliJ IDEA Community Edition 2020.1.3\plugins\maven\lib\maven3\bin\m2.conf"/>
    <property name="sun.jnu.encoding" value="Cp1252"/>
    <property name="java.library.path" value="C:\Users\somesh\.jdks\openjdk-14.0.2\bin;C:\WINDOWS\Sun\Java\bin;C:\WINDOWS\system32;C:\WINDOWS;C:\Program Files (x86)\Common Files\Oracle\Java\javapath;C:\WINDOWS\system32;C:\WINDOWS;C:\WINDOWS\System32\Wbem;C:\WINDOWS\System32\WindowsPowerShell\v1.0\;C:\WINDOWS\System32\OpenSSH\;C:\Program Files\TortoiseGit\bin;C:\Program Files\Git\cmd;C:\Users\somesh\AppData\Local\Microsoft\WindowsApps;C:\Users\somesh\AppData\Local\GitHubDesktop\bin;."/>
    <property name="maven.conf" value="C:\Program Files\JetBrains\IntelliJ IDEA Community Edition 2020.1.3\plugins\maven\lib\maven3/conf"/>
    <property name="jdk.debug" value="release"/>
    <property name="java.class.version" value="58.0"/>
    <property name="java.specification.name" value="Java Platform API Specification"/>
    <property name="sun.management.compiler" value="HotSpot 64-Bit Tiered Compilers"/>
    <property name="os.version" value="10.0"/>
    <property name="user.home" value="C:\Users\somesh"/>
    <property name="user.timezone" value="Asia/Calcutta"/>
    <property name="file.encoding" value="UTF-8"/>
    <property name="java.specification.version" value="14"/>
    <property name="user.name" value="somesh"/>
    <property name="java.class.path" value="C:\Program Files\JetBrains\IntelliJ IDEA Community Edition 2020.1.3\plugins\maven\lib\maven3\boot\plexus-classworlds-2.6.0.jar;C:\Program Files\JetBrains\IntelliJ IDEA Community Edition 2020.1.3\plugins\maven\lib\maven3\boot\plexus-classworlds.license"/>
    <property name="java.vm.specification.version" value="14"/>
    <property name="sun.arch.data.model" value="64"/>
    <property name="sun.java.command" value="org.codehaus.classworlds.Launcher -Didea.version=2020.2.2 clean verify"/>
    <property name="java.home" value="C:\Users\somesh\.jdks\openjdk-14.0.2"/>
    <property name="user.language" value="en"/>
    <property name="java.specification.vendor" value="Oracle Corporation"/>
    <property name="java.vm.info" value="mixed mode, sharing"/>
    <property name="java.version" value="14.0.2"/>
    <property name="java.vendor" value="Oracle Corporation"/>
    <property name="maven.home" value="C:\Program Files\JetBrains\IntelliJ IDEA Community Edition 2020.1.3\plugins\maven\lib\maven3"/>
    <property name="file.separator" value="\"/>
    <property name="java.version.date" value="2020-07-14"/>
    <property name="java.vendor.url.bug" value="https://bugreport.java.com/bugreport/"/>
    <property name="sun.io.unicode.encoding" value="UnicodeLittle"/>
    <property name="sun.cpu.endian" value="little"/>
    <property name="sun.cpu.isalist" value="amd64"/>
  </properties>
  <testcase name="Validation of Status Code of Response when Endpoint is Valid #1" classname="API Validation" time="3.809"/>
  <testcase name="Validation of Status Code of Response when Endpoint is Valid #2" classname="API Validation" time="0.529"/>
  <testcase name="Validation of Status Code of Response when Endpoint is Valid #3" classname="API Validation" time="0.527"/>
  <testcase name="Validation of Status Code of Response when Endpoint is Valid #4" classname="API Validation" time="0.533"/>
  <testcase name="Validation of Status Code of Response when Endpoint is Valid #5" classname="API Validation" time="0.524"/>
  <testcase name="Validation of Status Code (Error) when Endpoint is InValid #1" classname="API Validation" time="0.611"/>
  <testcase name="Validation of Status Code (Error) when Endpoint is InValid #2" classname="API Validation" time="0.625"/>
  <testcase name="Validation of Response body when Endpoint is Valid #1" classname="API Validation" time="0.572"/>
  <testcase name="Validation of Response body when Endpoint is Valid #2" classname="API Validation" time="0.497"/>
  <testcase name="Validation of Response body when Endpoint is Valid #3" classname="API Validation" time="0.502"/>
  <testcase name="Validation of Response body when Endpoint is Valid #4" classname="API Validation" time="0.479"/>
  <testcase name="Validation of Response body when Endpoint is Valid #5" classname="API Validation" time="0.462"/>
  <testcase name="Validation of Response body when Endpoint is Valid and queryParameter provided #1" classname="API Validation" time="0.512"/>
  <testcase name="Validation of Response body when Endpoint is Valid and queryParameter provided #2" classname="API Validation" time="0.499"/>
  <testcase name="Validation of Response body when Endpoint is Valid and queryParameter provided #3" classname="API Validation" time="0.572">
    <failure message="expected:&lt;[USD]&gt; but was:&lt;[EUR]&gt;" type="org.junit.ComparisonFailure"><![CDATA[org.junit.ComparisonFailure: expected:<[USD]> but was:<[EUR]>
	at org.junit.Assert.assertEquals(Assert.java:115)
	at org.junit.Assert.assertEquals(Assert.java:144)
	at com.companyname.projectname.steps.StepDef.compareResponseValues(StepDef.java:68)
	at com.companyname.projectname.steps.StepDef.verifyResponseBodyShouldHaveWithValue(StepDef.java:54)
	at ✽.Verify Response body should have "base" with Value "EUR"(file:///C:/Users/somesh/Pictures/RestAssuredCucumber-master-main%20(1)/RestAssuredCucumber-master-main/src/test/resources/API.feature:48)
]]></failure>
    <system-out><![CDATA[
@TC04
Scenario Outline: Validation of Response body when Endpoint is Valid and queryParameter provided # src/test/resources/API.feature:53
  Given User is hitting the API "https://api.ratesapi.io/api/2010-01-12" with Method "GET"       # com.companyname.projectname.steps.StepDef.userIsHittingTheAPIWithMethod(java.lang.String,java.lang.String)
https://api.ratesapi.io/api/2010-01-12?base=USD
  When query Param "base" with Value "USD"                                                       # com.companyname.projectname.steps.StepDef.queryParamWithValue(java.lang.String,java.lang.String)
  Then Verify Status code should be "200"                                                        # com.companyname.projectname.steps.StepDef.verifyStatusCodeShouldBe(java.lang.String)
given Value does not Exist in Response Body
  Then Verify Response body should have "base" with Value "EUR"                                  # com.companyname.projectname.steps.StepDef.verifyResponseBodyShouldHaveWithValue(java.lang.String,java.lang.String)
      org.junit.ComparisonFailure: expected:<[USD]> but was:<[EUR]>
	at org.junit.Assert.assertEquals(Assert.java:115)
	at org.junit.Assert.assertEquals(Assert.java:144)
	at com.companyname.projectname.steps.StepDef.compareResponseValues(StepDef.java:68)
	at com.companyname.projectname.steps.StepDef.verifyResponseBodyShouldHaveWithValue(StepDef.java:54)
	at ✽.Verify Response body should have "base" with Value "EUR"(file:///C:/Users/somesh/Pictures/RestAssuredCucumber-master-main%20(1)/RestAssuredCucumber-master-main/src/test/resources/API.feature:48)

]]></system-out>
    <system-err><![CDATA[Oct 14, 2020 12:39:06 AM com.companyname.projectname.steps.StepDef compareResponseValues
INFO: Actual Value is  ::USD
Oct 14, 2020 12:39:06 AM com.companyname.projectname.steps.StepDef compareResponseValues
INFO: Expected Value is  ::EUR
]]></system-err>
  </testcase>
  <testcase name="Validation Date when Date Provided in endpoint is future Date #1" classname="API Validation" time="0.524"/>
  <testcase name="Validation Date when Date Provided in endpoint is future Date #2" classname="API Validation" time="0.788"/>
  <testcase name="Validation Date when Date Provided in endpoint is future Date #3" classname="API Validation" time="7.479">
    <failure message="expected:&lt;2020-10-1[2]&gt; but was:&lt;2020-10-1[3]&gt;" type="org.junit.ComparisonFailure"><![CDATA[org.junit.ComparisonFailure: expected:<2020-10-1[2]> but was:<2020-10-1[3]>
	at org.junit.Assert.assertEquals(Assert.java:115)
	at org.junit.Assert.assertEquals(Assert.java:144)
	at com.companyname.projectname.steps.StepDef.compareResponseValues(StepDef.java:68)
	at com.companyname.projectname.steps.StepDef.verifyDateInResponseShouldBe(StepDef.java:101)
	at ✽.verify date in response should be "2020-10-12"(file:///C:/Users/somesh/Pictures/RestAssuredCucumber-master-main%20(1)/RestAssuredCucumber-master-main/src/test/resources/API.feature:59)
]]></failure>
    <system-out><![CDATA[
@TC05
Scenario Outline: Validation Date when Date Provided in endpoint is future Date            # src/test/resources/API.feature:64
  Given User is hitting the API "https://api.ratesapi.io/api/2020-12-12" with Method "GET" # com.companyname.projectname.steps.StepDef.userIsHittingTheAPIWithMethod(java.lang.String,java.lang.String)
  Then Verify Status code should be "200"                                                  # com.companyname.projectname.steps.StepDef.verifyStatusCodeShouldBe(java.lang.String)
2020-10-14
2020-10-13
given Value does not Exist in Response Body
  Then verify date in response should be "2020-10-12"                                      # com.companyname.projectname.steps.StepDef.verifyDateInResponseShouldBe(java.lang.String)
      org.junit.ComparisonFailure: expected:<2020-10-1[2]> but was:<2020-10-1[3]>
	at org.junit.Assert.assertEquals(Assert.java:115)
	at org.junit.Assert.assertEquals(Assert.java:144)
	at com.companyname.projectname.steps.StepDef.compareResponseValues(StepDef.java:68)
	at com.companyname.projectname.steps.StepDef.verifyDateInResponseShouldBe(StepDef.java:101)
	at ✽.verify date in response should be "2020-10-12"(file:///C:/Users/somesh/Pictures/RestAssuredCucumber-master-main%20(1)/RestAssuredCucumber-master-main/src/test/resources/API.feature:59)

]]></system-out>
    <system-err><![CDATA[Oct 14, 2020 12:39:15 AM com.companyname.projectname.steps.StepDef compareResponseValues
INFO: Actual Value is  ::2020-10-12
Oct 14, 2020 12:39:15 AM com.companyname.projectname.steps.StepDef compareResponseValues
INFO: Expected Value is  ::2020-10-13
]]></system-err>
  </testcase>
  <testcase name="Validation Date when Date Provided in endpoint is future Date #4" classname="API Validation" time="0.508"/>
</testsuite>